Traceback (most recent call last):
  File "/Users/kkagawa/localdoc/github/Class/venv/lib/python3.13/site-packages/jupyter_core/utils/__init__.py", line 154, in wrapped
    asyncio.get_running_loop()
    ~~~~~~~~~~~~~~~~~~~~~~~~^^
RuntimeError: no running event loop

During handling of the above exception, another exception occurred:

Traceback (most recent call last):
  File "/Users/kkagawa/localdoc/github/Class/venv/lib/python3.13/site-packages/jupyter_cache/executors/utils.py", line 58, in single_nb_execution
    executenb(
    ~~~~~~~~~^
        nb,
        ^^^
    ...<4 lines>...
        **kwargs,
        ^^^^^^^^^
    )
    ^
  File "/Users/kkagawa/localdoc/github/Class/venv/lib/python3.13/site-packages/nbclient/client.py", line 1319, in execute
    return NotebookClient(nb=nb, resources=resources, km=km, **kwargs).execute()
           ~~~~~~~~~~~~~~~~~~~~~~~~~~~~~~~~~~~~~~~~~~~~~~~~~~~~~~~~~~~~~~~~~~~^^
  File "/Users/kkagawa/localdoc/github/Class/venv/lib/python3.13/site-packages/jupyter_core/utils/__init__.py", line 158, in wrapped
    return loop.run_until_complete(inner)
           ~~~~~~~~~~~~~~~~~~~~~~~^^^^^^^
  File "/opt/homebrew/Cellar/python@3.13/3.13.2/Frameworks/Python.framework/Versions/3.13/lib/python3.13/asyncio/base_events.py", line 725, in run_until_complete
    return future.result()
           ~~~~~~~~~~~~~^^
  File "/Users/kkagawa/localdoc/github/Class/venv/lib/python3.13/site-packages/nbclient/client.py", line 709, in async_execute
    await self.async_execute_cell(
        cell, index, execution_count=self.code_cells_executed + 1
    )
  File "/Users/kkagawa/localdoc/github/Class/venv/lib/python3.13/site-packages/nbclient/client.py", line 1062, in async_execute_cell
    await self._check_raise_for_error(cell, cell_index, exec_reply)
  File "/Users/kkagawa/localdoc/github/Class/venv/lib/python3.13/site-packages/nbclient/client.py", line 918, in _check_raise_for_error
    raise CellExecutionError.from_cell_and_msg(cell, exec_reply_content)
nbclient.exceptions.CellExecutionError: An error occurred while executing the following cell:
------------------
import numpy as np
import matplotlib.pyplot as plt
from matplotlib import rcParams

# ==== æ—¥æœ¬èªžãƒ•ã‚©ãƒ³ãƒˆè¨­å®š ====
# OSã«ã‚ˆã£ã¦ç•°ãªã‚Šã¾ã™ã€‚ã“ã“ã§ã¯IPAexã‚´ã‚·ãƒƒã‚¯ã‚’ä¾‹ç¤º
# Windows: "MS Gothic" ãªã©
# macOS:   "Hiragino Sans" ãªã©
# rcParams['font.family'] = 'IPAexGothic'  # é©å®œã”åˆ©ç”¨ç’°å¢ƒã®æ—¥æœ¬èªžãƒ•ã‚©ãƒ³ãƒˆåã«å¤‰æ›´ã—ã¦ãã ã•ã„
rcParams['font.family'] = 'Hiragino Sans'  # é©å®œã”åˆ©ç”¨ç’°å¢ƒã®æ—¥æœ¬èªžãƒ•ã‚©ãƒ³ãƒˆåã«å¤‰æ›´ã—ã¦ãã ã•ã„

# ==== ãƒ‡ãƒ¼ã‚¿ç”Ÿæˆ ====
t = np.linspace(0, 4*np.pi, 500)      # æ™‚é–“è»¸
analog = np.sin(t) + 1               # æŒ¯å¹…0ã€œ2ã«ã™ã‚‹ãŸã‚ +1
digital = np.where(analog >= 1, 2, 0) # 1ä»¥ä¸Šãªã‚‰2ã€1æœªæº€ãªã‚‰0

# ==== ãƒ—ãƒ­ãƒƒãƒˆ ====
plt.figure(figsize=(10, 6))

# ã‚¢ãƒŠãƒ­ã‚°ä¿¡å·
plt.plot(t, analog, label='ã‚¢ãƒŠãƒ­ã‚°ä¿¡å·', color='blue')

# ãƒ‡ã‚¸ã‚¿ãƒ«ä¿¡å·ï¼ˆéšŽæ®µçŠ¶ã®ã‚¹ãƒ†ãƒƒãƒ—ã¨ã—ã¦è¡¨ç¤ºï¼‰
plt.step(t, digital, where='mid', label='ãƒ‡ã‚¸ã‚¿ãƒ«ä¿¡å·', color='red')

# è»¸ãƒ©ãƒ™ãƒ«ãƒ»ã‚¿ã‚¤ãƒˆãƒ«
plt.xlabel('æ™‚é–“ [s]')
plt.ylabel('æŒ¯å¹…')
plt.title('ã‚¢ãƒŠãƒ­ã‚°ä¿¡å·ã¨ãƒ‡ã‚¸ã‚¿ãƒ«ä¿¡å·ã®æ¯”è¼ƒ')

# ã‚°ãƒªãƒƒãƒ‰ãƒ»å‡¡ä¾‹
plt.grid(True)
plt.legend()

plt.show()

------------------


[31m---------------------------------------------------------------------------[39m
[31mModuleNotFoundError[39m                       Traceback (most recent call last)
[36mCell[39m[36m [39m[32mIn[1][39m[32m, line 1[39m
[32m----> [39m[32m1[39m [38;5;28;01mimport[39;00m[38;5;250m [39m[34;01mnumpy[39;00m[38;5;250m [39m[38;5;28;01mas[39;00m[38;5;250m [39m[34;01mnp[39;00m
[32m      2[39m [38;5;28;01mimport[39;00m[38;5;250m [39m[34;01mmatplotlib[39;00m[34;01m.[39;00m[34;01mpyplot[39;00m[38;5;250m [39m[38;5;28;01mas[39;00m[38;5;250m [39m[34;01mplt[39;00m
[32m      3[39m [38;5;28;01mfrom[39;00m[38;5;250m [39m[34;01mmatplotlib[39;00m[38;5;250m [39m[38;5;28;01mimport[39;00m rcParams

[31mModuleNotFoundError[39m: No module named 'numpy'

